[4.385s] DEBUG:colcon:Command line arguments: ['/usr/bin/colcon', 'build']
[4.414s] DEBUG:colcon:Parsed command line arguments: Namespace(allow_overriding=[], ament_cmake_args=None, base_paths=['.'], build_base='build', catkin_cmake_args=None, catkin_skip_building_tests=False, cmake_args=None, cmake_clean_cache=False, cmake_clean_first=False, cmake_force_configure=False, cmake_target=None, cmake_target_skip_unavailable=False, continue_on_error=False, event_handlers=None, executor='parallel', ignore_user_meta=False, install_base='install', log_base=None, log_level=None, main=<bound method BuildVerb.main of <colcon_core.verb.build.BuildVerb object at 0x7fe2e2d8f100>>, merge_install=False, metas=['./colcon.meta'], packages_above=None, packages_above_and_dependencies=None, packages_above_depth=None, packages_end=None, packages_ignore=None, packages_ignore_regex=None, packages_select=None, packages_select_build_failed=False, packages_select_by_dep=None, packages_select_regex=None, packages_select_test_failures=False, packages_skip=None, packages_skip_build_finished=False, packages_skip_by_dep=None, packages_skip_regex=None, packages_skip_test_passed=False, packages_skip_up_to=None, packages_start=None, packages_up_to=None, packages_up_to_regex=None, parallel_workers=4, paths=None, symlink_install=False, test_result_base=None, verb_extension=<colcon_core.verb.build.BuildVerb object at 0x7fe2e2d8f100>, verb_name='build', verb_parser=<colcon_defaults.argument_parser.defaults.DefaultArgumentsDecorator object at 0x7fe2e2d8f640>)
[6.798s] Level 1:colcon.colcon_core.package_discovery:discover_packages(colcon_meta) check parameters
[6.798s] Level 1:colcon.colcon_core.package_discovery:discover_packages(recursive) check parameters
[6.798s] Level 1:colcon.colcon_core.package_discovery:discover_packages(ignore) check parameters
[6.798s] Level 1:colcon.colcon_core.package_discovery:discover_packages(path) check parameters
[6.799s] Level 1:colcon.colcon_core.package_discovery:discover_packages(colcon_meta) discover
[6.799s] Level 1:colcon.colcon_core.package_discovery:discover_packages(recursive) discover
[6.799s] INFO:colcon.colcon_core.package_discovery:Crawling recursively for packages in '/home/ubuntu/ros2_ws'
[6.799s] Level 1:colcon.colcon_core.package_identification:_identify(.) by extensions ['ignore', 'ignore_ament_install']
[6.799s] Level 1:colcon.colcon_core.package_identification:_identify(.) by extension 'ignore'
[6.799s] Level 1:colcon.colcon_core.package_identification:_identify(.) by extension 'ignore_ament_install'
[6.799s] Level 1:colcon.colcon_core.package_identification:_identify(.) by extensions ['colcon_pkg']
[6.799s] Level 1:colcon.colcon_core.package_identification:_identify(.) by extension 'colcon_pkg'
[6.800s] Level 1:colcon.colcon_core.package_identification:_identify(.) by extensions ['colcon_meta']
[6.800s] Level 1:colcon.colcon_core.package_identification:_identify(.) by extension 'colcon_meta'
[6.800s] Level 1:colcon.colcon_core.package_identification:_identify(.) by extensions ['ros']
[6.800s] Level 1:colcon.colcon_core.package_identification:_identify(.) by extension 'ros'
[7.046s] Level 1:colcon.colcon_core.package_identification:_identify(.) by extensions ['cmake', 'python']
[7.047s] Level 1:colcon.colcon_core.package_identification:_identify(.) by extension 'cmake'
[7.047s] Level 1:colcon.colcon_core.package_identification:_identify(.) by extension 'python'
[7.048s] Level 1:colcon.colcon_core.package_identification:_identify(.) by extensions ['python_setup_py']
[7.048s] Level 1:colcon.colcon_core.package_identification:_identify(.) by extension 'python_setup_py'
[7.049s] Level 1:colcon.colcon_core.package_identification:_identify(build) by extensions ['ignore', 'ignore_ament_install']
[7.050s] Level 1:colcon.colcon_core.package_identification:_identify(build) by extension 'ignore'
[7.050s] Level 1:colcon.colcon_core.package_identification:_identify(build) ignored
[7.051s] Level 1:colcon.colcon_core.package_identification:_identify(install) by extensions ['ignore', 'ignore_ament_install']
[7.051s] Level 1:colcon.colcon_core.package_identification:_identify(install) by extension 'ignore'
[7.051s] Level 1:colcon.colcon_core.package_identification:_identify(install) ignored
[7.051s] Level 1:colcon.colcon_core.package_identification:_identify(log) by extensions ['ignore', 'ignore_ament_install']
[7.051s] Level 1:colcon.colcon_core.package_identification:_identify(log) by extension 'ignore'
[7.051s] Level 1:colcon.colcon_core.package_identification:_identify(log) ignored
[7.052s] Level 1:colcon.colcon_core.package_identification:_identify(src) by extensions ['ignore', 'ignore_ament_install']
[7.052s] Level 1:colcon.colcon_core.package_identification:_identify(src) by extension 'ignore'
[7.053s] Level 1:colcon.colcon_core.package_identification:_identify(src) by extension 'ignore_ament_install'
[7.054s] Level 1:colcon.colcon_core.package_identification:_identify(src) by extensions ['colcon_pkg']
[7.054s] Level 1:colcon.colcon_core.package_identification:_identify(src) by extension 'colcon_pkg'
[7.054s] Level 1:colcon.colcon_core.package_identification:_identify(src) by extensions ['colcon_meta']
[7.054s] Level 1:colcon.colcon_core.package_identification:_identify(src) by extension 'colcon_meta'
[7.055s] Level 1:colcon.colcon_core.package_identification:_identify(src) by extensions ['ros']
[7.055s] Level 1:colcon.colcon_core.package_identification:_identify(src) by extension 'ros'
[7.062s] Level 1:colcon.colcon_core.package_identification:_identify(src) by extensions ['cmake', 'python']
[7.062s] Level 1:colcon.colcon_core.package_identification:_identify(src) by extension 'cmake'
[7.062s] Level 1:colcon.colcon_core.package_identification:_identify(src) by extension 'python'
[7.063s] Level 1:colcon.colcon_core.package_identification:_identify(src) by extensions ['python_setup_py']
[7.063s] Level 1:colcon.colcon_core.package_identification:_identify(src) by extension 'python_setup_py'
[7.063s] Level 1:colcon.colcon_core.package_discovery:discover_packages(recursive) using defaults
[7.063s] Level 1:colcon.colcon_core.package_discovery:discover_packages(ignore) discover
[7.063s] Level 1:colcon.colcon_core.package_discovery:discover_packages(ignore) using defaults
[7.063s] Level 1:colcon.colcon_core.package_discovery:discover_packages(path) discover
[7.063s] Level 1:colcon.colcon_core.package_discovery:discover_packages(path) using defaults
[7.756s] Level 1:colcon.colcon_core.package_discovery:discover_packages(prefix_path) check parameters
[7.757s] Level 1:colcon.colcon_core.package_discovery:discover_packages(prefix_path) discover
[7.885s] DEBUG:colcon.colcon_installed_package_information.package_discovery:Found 258 installed packages in /opt/ros/foxy
[7.917s] Level 1:colcon.colcon_core.package_discovery:discover_packages(prefix_path) using defaults
[9.912s] INFO:colcon.colcon_core.executor:Executing jobs using 'parallel' executor
[9.920s] DEBUG:colcon.colcon_parallel_executor.executor.parallel:run_until_complete
[9.922s] DEBUG:colcon.colcon_parallel_executor.executor.parallel:closing loop
[9.923s] DEBUG:colcon.colcon_parallel_executor.executor.parallel:loop closed
[9.923s] DEBUG:colcon.colcon_parallel_executor.executor.parallel:run_until_complete finished with '0'
[9.923s] DEBUG:colcon.colcon_core.event_reactor:joining thread
[10.078s] INFO:colcon.colcon_core.plugin_system:Skipping extension 'colcon_notification.desktop_notification.terminal_notifier': Not used on non-Darwin systems
[10.079s] INFO:colcon.colcon_core.plugin_system:Skipping extension 'colcon_notification.desktop_notification.win32': Not used on non-Windows systems
[10.079s] INFO:colcon.colcon_notification.desktop_notification:Sending desktop notification using 'notify2'
[10.378s] DEBUG:colcon.colcon_core.event_reactor:joined thread
[10.747s] INFO:colcon.colcon_core.plugin_system:Skipping extension 'colcon_core.shell.bat': Not used on non-Windows systems
[10.747s] INFO:colcon.colcon_core.shell:Creating prefix script '/home/ubuntu/ros2_ws/install/local_setup.ps1'
[8.849s] INFO:colcon.colcon_core.shell:Creating prefix util module '/home/ubuntu/ros2_ws/install/_local_setup_util_ps1.py'
[8.910s] INFO:colcon.colcon_core.shell:Creating prefix chain script '/home/ubuntu/ros2_ws/install/setup.ps1'
[8.916s] INFO:colcon.colcon_core.shell:Creating prefix script '/home/ubuntu/ros2_ws/install/local_setup.sh'
[8.917s] INFO:colcon.colcon_core.shell:Creating prefix util module '/home/ubuntu/ros2_ws/install/_local_setup_util_sh.py'
[8.918s] INFO:colcon.colcon_core.shell:Creating prefix chain script '/home/ubuntu/ros2_ws/install/setup.sh'
[8.920s] INFO:colcon.colcon_core.shell:Creating prefix script '/home/ubuntu/ros2_ws/install/local_setup.bash'
[8.949s] INFO:colcon.colcon_core.shell:Creating prefix chain script '/home/ubuntu/ros2_ws/install/setup.bash'
[8.952s] INFO:colcon.colcon_core.shell:Creating prefix script '/home/ubuntu/ros2_ws/install/local_setup.zsh'
[9.014s] INFO:colcon.colcon_core.shell:Creating prefix chain script '/home/ubuntu/ros2_ws/install/setup.zsh'
