[5.012s] Invoking command in '/home/ubuntu/ros2_ws/build/my_robot_controller': PYTHONPATH=/home/ubuntu/ros2_ws/build/my_robot_controller/prefix_override:/home/ubuntu/ros2_ws/install/my_robot_controller/lib/python3.8/site-packages:${PYTHONPATH} /usr/bin/python3 setup.py develop --editable --build-directory /home/ubuntu/ros2_ws/build/my_robot_controller/build --no-deps install_data
[5.400s] running develop
[5.633s] running egg_info
[5.633s] writing my_robot_controller.egg-info/PKG-INFO
[5.634s] writing dependency_links to my_robot_controller.egg-info/dependency_links.txt
[5.650s] writing entry points to my_robot_controller.egg-info/entry_points.txt
[5.651s] writing requirements to my_robot_controller.egg-info/requires.txt
[5.651s] writing top-level names to my_robot_controller.egg-info/top_level.txt
[5.732s] reading manifest file 'my_robot_controller.egg-info/SOURCES.txt'
[5.732s] writing manifest file 'my_robot_controller.egg-info/SOURCES.txt'
[5.787s] running build_ext
[5.787s] Creating /home/ubuntu/ros2_ws/install/my_robot_controller/lib/python3.8/site-packages/my-robot-controller.egg-link (link to .)
[5.789s] Installing draw_circle script to /home/ubuntu/ros2_ws/install/my_robot_controller/lib/my_robot_controller
[5.789s] Installing pose_subs script to /home/ubuntu/ros2_ws/install/my_robot_controller/lib/my_robot_controller
[5.789s] Installing test_node script to /home/ubuntu/ros2_ws/install/my_robot_controller/lib/my_robot_controller
[5.790s] 
[5.790s] Installed /home/ubuntu/ros2_ws/build/my_robot_controller
[5.790s] running install_data
[5.790s] copying package.xml -> /home/ubuntu/ros2_ws/install/my_robot_controller/share/my_robot_controller
[5.834s] Invoked command in '/home/ubuntu/ros2_ws/build/my_robot_controller' returned '0': PYTHONPATH=/home/ubuntu/ros2_ws/build/my_robot_controller/prefix_override:/home/ubuntu/ros2_ws/install/my_robot_controller/lib/python3.8/site-packages:${PYTHONPATH} /usr/bin/python3 setup.py develop --editable --build-directory /home/ubuntu/ros2_ws/build/my_robot_controller/build --no-deps install_data
