running egg_info
creating ../../build/my_robot_controller/my_robot_controller.egg-info
writing ../../build/my_robot_controller/my_robot_controller.egg-info/PKG-INFO
writing dependency_links to ../../build/my_robot_controller/my_robot_controller.egg-info/dependency_links.txt
writing entry points to ../../build/my_robot_controller/my_robot_controller.egg-info/entry_points.txt
writing requirements to ../../build/my_robot_controller/my_robot_controller.egg-info/requires.txt
writing top-level names to ../../build/my_robot_controller/my_robot_controller.egg-info/top_level.txt
writing manifest file '../../build/my_robot_controller/my_robot_controller.egg-info/SOURCES.txt'
reading manifest file '../../build/my_robot_controller/my_robot_controller.egg-info/SOURCES.txt'
writing manifest file '../../build/my_robot_controller/my_robot_controller.egg-info/SOURCES.txt'
running build
running build_py
creating /home/ubuntu/ros2_ws/build/my_robot_controller/build
creating /home/ubuntu/ros2_ws/build/my_robot_controller/build/lib
creating /home/ubuntu/ros2_ws/build/my_robot_controller/build/lib/my_robot_controller
copying my_robot_controller/__init__.py -> /home/ubuntu/ros2_ws/build/my_robot_controller/build/lib/my_robot_controller
running install
running install_lib
creating /home/ubuntu/ros2_ws/install/my_robot_controller/lib/python3.8/site-packages/my_robot_controller
copying /home/ubuntu/ros2_ws/build/my_robot_controller/build/lib/my_robot_controller/__init__.py -> /home/ubuntu/ros2_ws/install/my_robot_controller/lib/python3.8/site-packages/my_robot_controller
byte-compiling /home/ubuntu/ros2_ws/install/my_robot_controller/lib/python3.8/site-packages/my_robot_controller/__init__.py to __init__.cpython-38.pyc
running install_data
creating /home/ubuntu/ros2_ws/install/my_robot_controller/share/ament_index
creating /home/ubuntu/ros2_ws/install/my_robot_controller/share/ament_index/resource_index
creating /home/ubuntu/ros2_ws/install/my_robot_controller/share/ament_index/resource_index/packages
copying resource/my_robot_controller -> /home/ubuntu/ros2_ws/install/my_robot_controller/share/ament_index/resource_index/packages
copying package.xml -> /home/ubuntu/ros2_ws/install/my_robot_controller/share/my_robot_controller
running install_egg_info
Copying ../../build/my_robot_controller/my_robot_controller.egg-info to /home/ubuntu/ros2_ws/install/my_robot_controller/lib/python3.8/site-packages/my_robot_controller-0.0.0-py3.8.egg-info
running install_scripts
writing list of installed files to '/home/ubuntu/ros2_ws/build/my_robot_controller/install.log'
